2025-02-04 09:50:03,557 Worker rq:worker:b08bc010eb4b405298c2d8408c83a9ba started with PID 6458, version 1.16.2
2025-02-04 09:50:03,558 Subscribing to channel rq:pubsub:b08bc010eb4b405298c2d8408c83a9ba
2025-02-04 09:50:03,563 *** Listening on home-kanyi-app2:short, home-kanyi-app2:default, home-kanyi-app2:long...
2025-02-04 09:50:03,565 Cleaning registries for queue: home-kanyi-app2:short
2025-02-04 09:50:03,572 Cleaning registries for queue: home-kanyi-app2:default
2025-02-04 09:50:03,584 Cleaning registries for queue: home-kanyi-app2:long
2025-02-04 10:00:01,149 Worker b08bc010eb4b405298c2d8408c83a9ba [PID 6458]: warm shut down requested
Traceback (most recent call last):
  File "/home/kanyi/app2/env/lib/python3.10/site-packages/redis/connection.py", line 357, in connect
    sock = self.retry.call_with_retry(
  File "/home/kanyi/app2/env/lib/python3.10/site-packages/redis/retry.py", line 62, in call_with_retry
    return do()
  File "/home/kanyi/app2/env/lib/python3.10/site-packages/redis/connection.py", line 358, in <lambda>
    lambda: self._connect(), lambda error: self.disconnect(error)
  File "/home/kanyi/app2/env/lib/python3.10/site-packages/redis/connection.py", line 730, in _connect
    raise err
  File "/home/kanyi/app2/env/lib/python3.10/site-packages/redis/connection.py", line 718, in _connect
    sock.connect(socket_address)
ConnectionRefusedError: [Errno 111] Connection refused

During handling of the above exception, another exception occurred:

Traceback (most recent call last):
  File "/home/kanyi/app2/apps/frappe/frappe/utils/bench_helper.py", line 48, in invoke
    return super().invoke(ctx)
  File "/home/kanyi/app2/env/lib/python3.10/site-packages/click/core.py", line 1697, in invoke
    return _process_result(sub_ctx.command.invoke(sub_ctx))
  File "/home/kanyi/app2/env/lib/python3.10/site-packages/click/core.py", line 1443, in invoke
    return ctx.invoke(self.callback, **ctx.params)
  File "/home/kanyi/app2/env/lib/python3.10/site-packages/click/core.py", line 788, in invoke
    return __callback(*args, **kwargs)
  File "/home/kanyi/app2/apps/frappe/frappe/commands/scheduler.py", line 206, in start_worker
    start_worker(
  File "/home/kanyi/app2/apps/frappe/frappe/utils/background_jobs.py", line 324, in start_worker
    worker.work(
  File "/home/kanyi/app2/env/lib/python3.10/site-packages/rq/worker.py", line 458, in work
    self.teardown()
  File "/home/kanyi/app2/env/lib/python3.10/site-packages/rq/worker.py", line 1048, in teardown
    self.register_death()
  File "/home/kanyi/app2/env/lib/python3.10/site-packages/rq/worker.py", line 834, in register_death
    p.execute()
  File "/home/kanyi/app2/env/lib/python3.10/site-packages/redis/client.py", line 1524, in execute
    conn = self.connection_pool.get_connection("MULTI", self.shard_hint)
  File "/home/kanyi/app2/env/lib/python3.10/site-packages/redis/connection.py", line 1422, in get_connection
    connection.connect()
  File "/home/kanyi/app2/env/lib/python3.10/site-packages/redis/connection.py", line 363, in connect
    raise ConnectionError(self._error_message(e))
redis.exceptions.ConnectionError: Error 111 connecting to 127.0.0.1:11000. Connection refused.

Error 111 connecting to 127.0.0.1:11000. Connection refused.
2025-02-04 10:02:53,376 Worker rq:worker:8dbc296a3c0749e591a1bb856c15eda4 started with PID 10735, version 1.16.2
2025-02-04 10:02:53,377 Subscribing to channel rq:pubsub:8dbc296a3c0749e591a1bb856c15eda4
2025-02-04 10:02:53,380 *** Listening on home-kanyi-app2:short, home-kanyi-app2:default, home-kanyi-app2:long...
2025-02-04 10:02:53,381 Cleaning registries for queue: home-kanyi-app2:short
2025-02-04 10:02:53,383 Cleaning registries for queue: home-kanyi-app2:default
2025-02-04 10:02:53,386 Cleaning registries for queue: home-kanyi-app2:long
2025-02-04 10:16:23,587 Cleaning registries for queue: home-kanyi-app2:short
2025-02-04 10:16:23,660 Cleaning registries for queue: home-kanyi-app2:default
2025-02-04 10:16:23,662 Cleaning registries for queue: home-kanyi-app2:long
2025-02-04 10:33:46,476 Cleaning registries for queue: home-kanyi-app2:short
2025-02-04 10:33:46,565 Cleaning registries for queue: home-kanyi-app2:default
2025-02-04 10:33:46,599 Cleaning registries for queue: home-kanyi-app2:long
2025-02-04 10:47:16,764 Cleaning registries for queue: home-kanyi-app2:short
2025-02-04 10:47:16,797 Cleaning registries for queue: home-kanyi-app2:default
2025-02-04 10:47:16,799 Cleaning registries for queue: home-kanyi-app2:long
2025-02-04 11:00:47,046 Cleaning registries for queue: home-kanyi-app2:short
2025-02-04 11:00:47,072 Cleaning registries for queue: home-kanyi-app2:default
2025-02-04 11:00:47,075 Cleaning registries for queue: home-kanyi-app2:long
2025-02-04 11:14:17,178 Cleaning registries for queue: home-kanyi-app2:short
2025-02-04 11:14:17,193 Cleaning registries for queue: home-kanyi-app2:default
2025-02-04 11:14:17,195 Cleaning registries for queue: home-kanyi-app2:long
2025-02-04 11:27:47,337 Cleaning registries for queue: home-kanyi-app2:short
2025-02-04 11:27:47,343 Cleaning registries for queue: home-kanyi-app2:default
2025-02-04 11:27:47,346 Cleaning registries for queue: home-kanyi-app2:long
2025-02-04 11:41:17,477 Cleaning registries for queue: home-kanyi-app2:short
2025-02-04 11:41:17,480 Cleaning registries for queue: home-kanyi-app2:default
2025-02-04 11:41:17,483 Cleaning registries for queue: home-kanyi-app2:long
2025-02-04 11:54:47,598 Cleaning registries for queue: home-kanyi-app2:short
2025-02-04 11:54:47,601 Cleaning registries for queue: home-kanyi-app2:default
2025-02-04 11:54:47,604 Cleaning registries for queue: home-kanyi-app2:long
2025-02-04 12:08:17,735 Cleaning registries for queue: home-kanyi-app2:short
2025-02-04 12:08:17,740 Cleaning registries for queue: home-kanyi-app2:default
2025-02-04 12:08:17,745 Cleaning registries for queue: home-kanyi-app2:long
2025-02-04 12:21:47,858 Cleaning registries for queue: home-kanyi-app2:short
2025-02-04 12:21:47,895 Cleaning registries for queue: home-kanyi-app2:default
2025-02-04 12:21:47,897 Cleaning registries for queue: home-kanyi-app2:long
2025-02-04 12:35:17,974 Cleaning registries for queue: home-kanyi-app2:short
2025-02-04 12:35:17,984 Cleaning registries for queue: home-kanyi-app2:default
2025-02-04 12:35:17,987 Cleaning registries for queue: home-kanyi-app2:long
2025-02-04 12:48:48,168 Cleaning registries for queue: home-kanyi-app2:short
2025-02-04 12:48:48,179 Cleaning registries for queue: home-kanyi-app2:default
2025-02-04 12:48:48,188 Cleaning registries for queue: home-kanyi-app2:long
2025-02-04 13:02:18,323 Cleaning registries for queue: home-kanyi-app2:short
2025-02-04 13:02:18,330 Cleaning registries for queue: home-kanyi-app2:default
2025-02-04 13:02:18,339 Cleaning registries for queue: home-kanyi-app2:long
2025-02-04 13:15:48,459 Cleaning registries for queue: home-kanyi-app2:short
2025-02-04 13:15:48,470 Cleaning registries for queue: home-kanyi-app2:default
2025-02-04 13:15:48,479 Cleaning registries for queue: home-kanyi-app2:long
2025-02-04 13:29:18,526 Cleaning registries for queue: home-kanyi-app2:short
2025-02-04 13:29:18,539 Cleaning registries for queue: home-kanyi-app2:default
2025-02-04 13:29:18,549 Cleaning registries for queue: home-kanyi-app2:long
2025-02-04 13:42:48,658 Cleaning registries for queue: home-kanyi-app2:short
2025-02-04 13:42:48,667 Cleaning registries for queue: home-kanyi-app2:default
2025-02-04 13:42:48,679 Cleaning registries for queue: home-kanyi-app2:long
2025-02-04 13:56:18,852 Cleaning registries for queue: home-kanyi-app2:short
2025-02-04 13:56:18,931 Cleaning registries for queue: home-kanyi-app2:default
2025-02-04 13:56:18,937 Cleaning registries for queue: home-kanyi-app2:long
2025-02-04 14:09:49,059 Cleaning registries for queue: home-kanyi-app2:short
2025-02-04 14:09:49,082 Cleaning registries for queue: home-kanyi-app2:default
2025-02-04 14:09:49,090 Cleaning registries for queue: home-kanyi-app2:long
2025-02-04 14:23:19,243 Cleaning registries for queue: home-kanyi-app2:short
2025-02-04 14:23:19,255 Cleaning registries for queue: home-kanyi-app2:default
2025-02-04 14:23:19,267 Cleaning registries for queue: home-kanyi-app2:long
2025-02-04 14:36:49,378 Cleaning registries for queue: home-kanyi-app2:short
2025-02-04 14:36:49,383 Cleaning registries for queue: home-kanyi-app2:default
2025-02-04 14:36:49,391 Cleaning registries for queue: home-kanyi-app2:long
2025-02-04 14:50:19,492 Cleaning registries for queue: home-kanyi-app2:short
2025-02-04 14:50:19,512 Cleaning registries for queue: home-kanyi-app2:default
2025-02-04 14:50:19,525 Cleaning registries for queue: home-kanyi-app2:long
2025-02-04 15:03:49,673 Cleaning registries for queue: home-kanyi-app2:short
2025-02-04 15:03:49,684 Cleaning registries for queue: home-kanyi-app2:default
2025-02-04 15:03:49,695 Cleaning registries for queue: home-kanyi-app2:long
2025-02-04 22:33:39,904 Cleaning registries for queue: home-kanyi-app2:short
2025-02-04 22:33:40,043 Cleaning registries for queue: home-kanyi-app2:default
2025-02-04 22:33:40,079 Cleaning registries for queue: home-kanyi-app2:long
2025-02-04 22:47:10,960 Cleaning registries for queue: home-kanyi-app2:short
2025-02-04 22:47:10,989 Cleaning registries for queue: home-kanyi-app2:default
2025-02-04 22:47:10,993 Cleaning registries for queue: home-kanyi-app2:long
2025-02-04 23:00:41,095 Cleaning registries for queue: home-kanyi-app2:short
2025-02-04 23:00:41,128 Cleaning registries for queue: home-kanyi-app2:default
2025-02-04 23:00:41,133 Cleaning registries for queue: home-kanyi-app2:long
2025-02-04 23:14:11,324 Cleaning registries for queue: home-kanyi-app2:short
2025-02-04 23:14:11,343 Cleaning registries for queue: home-kanyi-app2:default
2025-02-04 23:14:11,353 Cleaning registries for queue: home-kanyi-app2:long
2025-02-05 09:31:38,907 Cleaning registries for queue: home-kanyi-app2:short
2025-02-05 09:31:38,971 Cleaning registries for queue: home-kanyi-app2:default
2025-02-05 09:31:38,982 Cleaning registries for queue: home-kanyi-app2:long
2025-02-05 09:45:09,104 Cleaning registries for queue: home-kanyi-app2:short
2025-02-05 09:45:09,176 Cleaning registries for queue: home-kanyi-app2:default
2025-02-05 09:45:09,178 Cleaning registries for queue: home-kanyi-app2:long
2025-02-05 10:14:31,157 Cleaning registries for queue: home-kanyi-app2:short
2025-02-05 10:14:45,943 Cleaning registries for queue: home-kanyi-app2:default
2025-02-05 10:14:45,954 Cleaning registries for queue: home-kanyi-app2:long
2025-02-05 10:28:16,077 Cleaning registries for queue: home-kanyi-app2:short
2025-02-05 10:28:16,118 Cleaning registries for queue: home-kanyi-app2:default
2025-02-05 10:28:16,121 Cleaning registries for queue: home-kanyi-app2:long
2025-02-05 10:41:46,238 Cleaning registries for queue: home-kanyi-app2:short
2025-02-05 10:41:46,269 Cleaning registries for queue: home-kanyi-app2:default
2025-02-05 10:41:46,272 Cleaning registries for queue: home-kanyi-app2:long
2025-02-05 11:09:09,920 Cleaning registries for queue: home-kanyi-app2:short
2025-02-05 11:09:09,995 Cleaning registries for queue: home-kanyi-app2:default
2025-02-05 11:09:10,008 Cleaning registries for queue: home-kanyi-app2:long
2025-02-05 13:47:01,148 Cleaning registries for queue: home-kanyi-app2:short
2025-02-05 13:47:01,351 Cleaning registries for queue: home-kanyi-app2:default
2025-02-05 13:47:01,356 Cleaning registries for queue: home-kanyi-app2:long
2025-02-05 14:00:31,711 Cleaning registries for queue: home-kanyi-app2:short
2025-02-05 14:00:31,740 Cleaning registries for queue: home-kanyi-app2:default
2025-02-05 14:00:31,745 Cleaning registries for queue: home-kanyi-app2:long
2025-02-05 14:14:01,791 Cleaning registries for queue: home-kanyi-app2:short
2025-02-05 14:14:01,797 Cleaning registries for queue: home-kanyi-app2:default
2025-02-05 14:14:01,802 Cleaning registries for queue: home-kanyi-app2:long
2025-02-05 14:27:31,921 Cleaning registries for queue: home-kanyi-app2:short
2025-02-05 14:27:31,939 Cleaning registries for queue: home-kanyi-app2:default
2025-02-05 14:27:31,950 Cleaning registries for queue: home-kanyi-app2:long
2025-02-05 14:41:02,067 Cleaning registries for queue: home-kanyi-app2:short
2025-02-05 14:41:02,079 Cleaning registries for queue: home-kanyi-app2:default
2025-02-05 14:41:02,094 Cleaning registries for queue: home-kanyi-app2:long
2025-02-05 14:54:32,210 Cleaning registries for queue: home-kanyi-app2:short
2025-02-05 14:54:32,262 Cleaning registries for queue: home-kanyi-app2:default
2025-02-05 14:54:32,271 Cleaning registries for queue: home-kanyi-app2:long
2025-02-05 15:08:02,351 Cleaning registries for queue: home-kanyi-app2:short
2025-02-05 15:08:02,359 Cleaning registries for queue: home-kanyi-app2:default
2025-02-05 15:08:02,372 Cleaning registries for queue: home-kanyi-app2:long
2025-02-05 15:21:32,477 Cleaning registries for queue: home-kanyi-app2:short
2025-02-05 15:21:32,487 Cleaning registries for queue: home-kanyi-app2:default
2025-02-05 15:21:32,497 Cleaning registries for queue: home-kanyi-app2:long
2025-02-05 15:35:02,675 Cleaning registries for queue: home-kanyi-app2:short
2025-02-05 15:35:02,686 Cleaning registries for queue: home-kanyi-app2:default
2025-02-05 15:35:02,692 Cleaning registries for queue: home-kanyi-app2:long
2025-02-05 15:48:32,736 Cleaning registries for queue: home-kanyi-app2:short
2025-02-05 15:48:32,743 Cleaning registries for queue: home-kanyi-app2:default
2025-02-05 15:48:32,753 Cleaning registries for queue: home-kanyi-app2:long
2025-02-06 11:16:03,615 Cleaning registries for queue: home-kanyi-app2:short
2025-02-06 11:16:03,646 Cleaning registries for queue: home-kanyi-app2:default
2025-02-06 11:16:03,649 Cleaning registries for queue: home-kanyi-app2:long
2025-02-06 11:29:33,832 Cleaning registries for queue: home-kanyi-app2:short
2025-02-06 11:29:33,882 Cleaning registries for queue: home-kanyi-app2:default
2025-02-06 11:29:33,891 Cleaning registries for queue: home-kanyi-app2:long
2025-02-06 11:43:04,007 Cleaning registries for queue: home-kanyi-app2:short
2025-02-06 11:43:04,024 Cleaning registries for queue: home-kanyi-app2:default
2025-02-06 11:43:04,033 Cleaning registries for queue: home-kanyi-app2:long
